<?xml version="1.0" encoding="UTF-8"?>
<!-- Generated by org.testng.reporters.JUnitReportReporter -->
<testsuite hostname="jeevi" failures="0" tests="1" name="testcases.TestPendingLeaveRequest" time="5.861" errors="0" timestamp="2023-08-15T15:29:42 IST" skipped="0">
  <testcase classname="testcases.TestPendingLeaveRequest" name="verifyPendingLeaveRequest" time="5.861"/>
  <system-out/>
</testsuite> <!-- testcases.TestPendingLeaveRequest -->
